<?xml version="1.0" encoding="UTF-8"?>
<testsuite xmlns:xsi="http://www.w3.org/2001/XMLSchema-instance" xsi:noNamespaceSchemaLocation="https://maven.apache.org/surefire/maven-surefire-plugin/xsd/surefire-test-report-3.0.xsd" version="3.0" name="integrationTests.GuessingGameIntegrationTest" time="0.104" tests="3" errors="0" skipped="0" failures="0">
  <properties>
    <property name="java.specification.version" value="15"/>
    <property name="sun.cpu.isalist" value="amd64"/>
    <property name="sun.jnu.encoding" value="Cp1252"/>
    <property name="java.class.path" value="C:\Users\TobiasPihlqvist\mavenWorkspace\testing\target\test-classes;C:\Users\TobiasPihlqvist\mavenWorkspace\testing\target\classes;C:\Users\TobiasPihlqvist\.m2\repository\junit\junit\4.13\junit-4.13.jar;C:\Users\TobiasPihlqvist\.m2\repository\org\hamcrest\hamcrest-core\1.3\hamcrest-core-1.3.jar;"/>
    <property name="java.vm.vendor" value="Oracle Corporation"/>
    <property name="sun.arch.data.model" value="64"/>
    <property name="user.variant" value=""/>
    <property name="java.vendor.url" value="https://java.oracle.com/"/>
    <property name="user.timezone" value="Europe/Stockholm"/>
    <property name="os.name" value="Windows 10"/>
    <property name="java.vm.specification.version" value="15"/>
    <property name="sun.java.launcher" value="SUN_STANDARD"/>
    <property name="user.country" value="SE"/>
    <property name="sun.boot.library.path" value="C:\Program Files\Java\jdk-15.0.1\bin"/>
    <property name="sun.java.command" value="C:\Users\TobiasPihlqvist\AppData\Local\Temp\surefire16256207381314263557\surefirebooter15853766533768392379.jar C:\Users\TobiasPihlqvist\AppData\Local\Temp\surefire16256207381314263557 2021-01-06T22-30-17_484-jvmRun1 surefire7731615028095375616tmp surefire_116962782823080609916tmp"/>
    <property name="jdk.debug" value="release"/>
    <property name="surefire.test.class.path" value="C:\Users\TobiasPihlqvist\mavenWorkspace\testing\target\test-classes;C:\Users\TobiasPihlqvist\mavenWorkspace\testing\target\classes;C:\Users\TobiasPihlqvist\.m2\repository\junit\junit\4.13\junit-4.13.jar;C:\Users\TobiasPihlqvist\.m2\repository\org\hamcrest\hamcrest-core\1.3\hamcrest-core-1.3.jar;"/>
    <property name="sun.cpu.endian" value="little"/>
    <property name="user.home" value="C:\Users\TobiasPihlqvist"/>
    <property name="user.language" value="sv"/>
    <property name="java.specification.vendor" value="Oracle Corporation"/>
    <property name="java.version.date" value="2020-10-20"/>
    <property name="java.home" value="C:\Program Files\Java\jdk-15.0.1"/>
    <property name="file.separator" value="\"/>
    <property name="basedir" value="C:\Users\TobiasPihlqvist\mavenWorkspace\testing"/>
    <property name="java.vm.compressedOopsMode" value="Zero based"/>
    <property name="line.separator" value="&#10;"/>
    <property name="java.vm.specification.vendor" value="Oracle Corporation"/>
    <property name="java.specification.name" value="Java Platform API Specification"/>
    <property name="surefire.real.class.path" value="C:\Users\TobiasPihlqvist\AppData\Local\Temp\surefire16256207381314263557\surefirebooter15853766533768392379.jar"/>
    <property name="user.script" value=""/>
    <property name="sun.management.compiler" value="HotSpot 64-Bit Tiered Compilers"/>
    <property name="java.runtime.version" value="15.0.1+9-18"/>
    <property name="user.name" value="TobiasPihlqvist"/>
    <property name="path.separator" value=";"/>
    <property name="os.version" value="10.0"/>
    <property name="java.runtime.name" value="Java(TM) SE Runtime Environment"/>
    <property name="file.encoding" value="Cp1252"/>
    <property name="java.vm.name" value="Java HotSpot(TM) 64-Bit Server VM"/>
    <property name="localRepository" value="C:\Users\TobiasPihlqvist\.m2\repository"/>
    <property name="java.vendor.url.bug" value="https://bugreport.java.com/bugreport/"/>
    <property name="java.io.tmpdir" value="C:\Users\TOBIAS~1\AppData\Local\Temp\"/>
    <property name="java.version" value="15.0.1"/>
    <property name="user.dir" value="C:\Users\TobiasPihlqvist\mavenWorkspace\testing"/>
    <property name="os.arch" value="amd64"/>
    <property name="java.vm.specification.name" value="Java Virtual Machine Specification"/>
    <property name="sun.os.patch.level" value=""/>
    <property name="java.library.path" value="C:\Program Files\Java\jdk-15.0.1\bin;C:\windows\Sun\Java\bin;C:\windows\system32;C:\windows;C:\Users\TobiasPihlqvist\bin;C:\Program Files\Git\mingw64\bin;C:\Program Files\Git\usr\local\bin;C:\Program Files\Git\usr\bin;C:\Program Files\Git\usr\bin;C:\Program Files\Git\mingw64\bin;C:\Program Files\Git\usr\bin;C:\Users\TobiasPihlqvist\bin;C:\Program Files\Common Files\Oracle\Java\javapath;C:\Program Files (x86)\Common Files\Oracle\Java\javapath;C:\windows\system32;C:\windows;C:\windows\System32\Wbem;C:\windows\System32\WindowsPowerShell\v1.0;C:\windows\System32\OpenSSH;C:\Program Files\Git\cmd;C:\Program Files\Microsoft SQL Server\130\Tools\Binn;C:\Program Files\Microsoft SQL Server\Client SDK\ODBC\170\Tools\Binn;C:\Program Files (x86)\Microsoft SQL Server\150\DTS\Binn;C:\Program Files\dotnet;C:\Program Files\nodejs;C:\Program Files (x86)\Google\Cloud SDK\google-cloud-sdk\bin;C:\Program Files\PuTTY;C:\HashiCorp\Vagrant\bin;C:\Users\TobiasPihlqvist\Downloads\apache-maven-3.6.3-bin\apache-maven-3.6.3\bin;C:\Ruby27-x64\bin;C:\Users\TobiasPihlqvist\AppData\Local\Microsoft\WindowsApps;C:\Users\TobiasPihlqvist\AppData\Local\Programs\Microsoft VS Code\bin;C:\Users\TobiasPihlqvist\.dotnet\tools;C:\Users\TobiasPihlqvist\AppData\Roaming\npm;C:\Users\TobiasPihlqvist\Downloads\apache-maven-3.6.3-bin\apache-maven-3.6.3\bin;C:\Program Files\Git\usr\bin\vendor_perl;C:\Program Files\Git\usr\bin\core_perl;."/>
    <property name="java.vm.info" value="mixed mode, sharing"/>
    <property name="java.vendor" value="Oracle Corporation"/>
    <property name="java.vm.version" value="15.0.1+9-18"/>
    <property name="sun.io.unicode.encoding" value="UnicodeLittle"/>
    <property name="java.class.version" value="59.0"/>
  </properties>
  <testcase name="test_determineOutcome_returns_winning_input" classname="integrationTests.GuessingGameIntegrationTest" time="0.005">
    <system-out><![CDATA[2 2
]]></system-out>
  </testcase>
  <testcase name="test_determineOutcome_returns_faultyInputMessage" classname="integrationTests.GuessingGameIntegrationTest" time="0"/>
  <testcase name="test_determineOutcome_returns_empty" classname="integrationTests.GuessingGameIntegrationTest" time="0"/>
</testsuite>